<?xml version="1.0" encoding="UTF-8"?>
<!-- Generated by org.testng.reporters.JUnitXMLReporter -->
<testsuite ignored="2" hostname="DESKTOP-K0ONJ7J" failures="0" tests="1" name="Default test" time="13.539" errors="0" timestamp="2025-02-12T20:43:56 IST">
  <testcase classname="com.xyz.qa.TestCases.Switchingcontrol" name="SwichtopopUps" time="4.31"/>
  <testcase classname="com.xyz.qa.TestCases.Switchingcontrol" name="Swichtotabs" time="0.0">
    <ignored/>
  </testcase> <!-- Swichtotabs -->
  <testcase classname="com.xyz.qa.TestCases.Switchingcontrol" name="SwichtoAlert" time="0.0">
    <ignored/>
  </testcase> <!-- SwichtoAlert -->
</testsuite> <!-- Default test -->
