<?xml version="1.0" encoding="UTF-8"?>
<testng-results ignored="0" total="1" passed="1" failed="0" skipped="0">
  <reporter-output>
  </reporter-output>
  <suite started-at="2025-02-12T20:43:43 IST" name="Default suite" finished-at="2025-02-12T20:43:56 IST" duration-ms="13539">
    <groups>
    </groups>
    <test started-at="2025-02-12T20:43:43 IST" name="Default test" finished-at="2025-02-12T20:43:56 IST" duration-ms="13539">
      <class name="com.xyz.qa.TestCases.Switchingcontrol">
        <test-method is-config="true" signature="setup()[pri:0, instance:com.xyz.qa.TestCases.Switchingcontrol@6bbe85a8]" started-at="2025-02-12T20:43:43 IST" name="setup" finished-at="2025-02-12T20:43:52 IST" duration-ms="8757" status="PASS">
          <reporter-output>
          </reporter-output>
        </test-method> <!-- setup -->
        <test-method signature="SwichtopopUps()[pri:0, instance:com.xyz.qa.TestCases.Switchingcontrol@6bbe85a8]" started-at="2025-02-12T20:43:52 IST" name="SwichtopopUps" finished-at="2025-02-12T20:43:56 IST" duration-ms="4310" status="PASS">
          <reporter-output>
          </reporter-output>
        </test-method> <!-- SwichtopopUps -->
        <test-method is-config="true" signature="tearDown()[pri:0, instance:com.xyz.qa.TestCases.Switchingcontrol@6bbe85a8]" started-at="2025-02-12T20:43:56 IST" name="tearDown" finished-at="2025-02-12T20:43:56 IST" duration-ms="415" status="PASS">
          <reporter-output>
          </reporter-output>
        </test-method> <!-- tearDown -->
      </class> <!-- com.xyz.qa.TestCases.Switchingcontrol -->
    </test> <!-- Default test -->
  </suite> <!-- Default suite -->
</testng-results>
