<?xml version="1.0" encoding="UTF-8"?>
<testng-results ignored="0" total="1" passed="1" failed="0" skipped="0">
  <reporter-output>
  </reporter-output>
  <suite started-at="2025-02-12T17:31:35 IST" name="Default suite" finished-at="2025-02-12T17:31:50 IST" duration-ms="14679">
    <groups>
    </groups>
    <test started-at="2025-02-12T17:31:35 IST" name="Default test" finished-at="2025-02-12T17:31:50 IST" duration-ms="14679">
      <class name="com.xyz.qa.TestCases.ActionMouseKeyboardInteractions">
        <test-method is-config="true" signature="setup()[pri:0, instance:com.xyz.qa.TestCases.ActionMouseKeyboardInteractions@68c9133c]" started-at="2025-02-12T17:31:35 IST" name="setup" finished-at="2025-02-12T17:31:42 IST" duration-ms="7076" status="PASS">
          <reporter-output>
          </reporter-output>
        </test-method> <!-- setup -->
        <test-method signature="mouseActions()[pri:0, instance:com.xyz.qa.TestCases.ActionMouseKeyboardInteractions@68c9133c]" started-at="2025-02-12T17:31:42 IST" name="mouseActions" finished-at="2025-02-12T17:31:50 IST" duration-ms="7419" status="PASS">
          <reporter-output>
          </reporter-output>
        </test-method> <!-- mouseActions -->
        <test-method is-config="true" signature="tearDown()[pri:0, instance:com.xyz.qa.TestCases.ActionMouseKeyboardInteractions@68c9133c]" started-at="2025-02-12T17:31:50 IST" name="tearDown" finished-at="2025-02-12T17:31:50 IST" duration-ms="132" status="PASS">
          <reporter-output>
          </reporter-output>
        </test-method> <!-- tearDown -->
      </class> <!-- com.xyz.qa.TestCases.ActionMouseKeyboardInteractions -->
    </test> <!-- Default test -->
  </suite> <!-- Default suite -->
</testng-results>
